Date: 11/26/2009    Time: 16:50:06
Program error at "insitemcr.4gl", line number 692.
SQL statement error number -244.
Could not do a physical-order read to fetch next row.
SYSTEM error number -107.
ISAM error:  record is locked.
Date: 12/01/2009    Time: 13:50:05
Program error at "insitemcr.4gl", line number 692.
SQL statement error number -244.
Could not do a physical-order read to fetch next row.
SYSTEM error number -107.
ISAM error:  record is locked.
Date: 12/16/2009    Time: 13:50:06
Program error at "insitemcr.4gl", line number 692.
SQL statement error number -244.
Could not do a physical-order read to fetch next row.
SYSTEM error number -107.
ISAM error:  record is locked.
Date: 12/17/2009    Time: 17:30:08
Program error at "insitemcr.4gl", line number 692.
SQL statement error number -244.
Could not do a physical-order read to fetch next row.
SYSTEM error number -107.
ISAM error:  record is locked.
Date: 12/30/2009    Time: 10:40:07
Program error at "insitemcr.4gl", line number 692.
SQL statement error number -244.
Could not do a physical-order read to fetch next row.
SYSTEM error number -107.
ISAM error:  record is locked.
Date: 01/22/2010    Time: 09:10:07
Program error at "insitemcr.4gl", line number 692.
SQL statement error number -244.
Could not do a physical-order read to fetch next row.
SYSTEM error number -107.
ISAM error:  record is locked.
Date: 01/27/2010    Time: 09:40:05
Program error at "insitemcr.4gl", line number 692.
SQL statement error number -244.
Could not do a physical-order read to fetch next row.
SYSTEM error number -107.
ISAM error:  record is locked.
Date: 01/27/2010    Time: 11:30:18
Program error at "insitemcr.4gl", line number 692.
SQL statement error number -244.
Could not do a physical-order read to fetch next row.
SYSTEM error number -107.
ISAM error:  record is locked.
Date: 01/29/2010    Time: 10:20:07
Program error at "insitemcr.4gl", line number 692.
SQL statement error number -244.
Could not do a physical-order read to fetch next row.
SYSTEM error number -107.
ISAM error:  record is locked.
Date: 02/12/2010    Time: 12:10:07
Program error at "insitemcr.4gl", line number 692.
SQL statement error number -244.
Could not do a physical-order read to fetch next row.
SYSTEM error number -107.
ISAM error:  record is locked.
Date: 02/22/2010    Time: 14:30:08
Program error at "insitemcr.4gl", line number 692.
SQL statement error number -244.
Could not do a physical-order read to fetch next row.
SYSTEM error number -107.
ISAM error:  record is locked.
Date: 03/01/2010    Time: 14:00:07
Program error at "insitemcr.4gl", line number 692.
SQL statement error number -244.
Could not do a physical-order read to fetch next row.
SYSTEM error number -107.
ISAM error:  record is locked.
